"../../../../../Works/3D Engine Apps/District_22/D22_UE4/Content/22th_district.uasset" 0
"../../../../../Works/3D Engine Apps/District_22/D22_UE4/Content/MainMenu-GUI.uasset" 1
"../../../../../Works/3D Engine Apps/District_22/D22_UE4/Content/MenuGameMode.uasset" 2
"../../../../../Works/3D Engine Apps/District_22/D22_UE4/Content/_Wood__Floor_1-TX.uasset" 3
"../../../../../Works/3D Engine Apps/District_22/D22_UE4/Content/_Wood__Floor_1.uasset" 4
"../../../../../Works/3D Engine Apps/District_22/D22_UE4/Content/_Wood__Floor_2-TX.uasset" 5
"../../../../../Works/3D Engine Apps/District_22/D22_UE4/Content/_Wood__Floor_2.uasset" 6
"../../../../../Works/3D Engine Apps/District_22/D22_UE4/Content/_Wood__Floor_3-TX.uasset" 7
"../../../../../Works/3D Engine Apps/District_22/D22_UE4/Content/_Wood__Floor_3.uasset" 8
"../../../../../Works/3D Engine Apps/District_22/D22_UE4/Content/Blueprints/ActiveDoorBP_CChild.uasset" 9
"../../../../../Works/3D Engine Apps/District_22/D22_UE4/Content/Blueprints/ActiveDoorBP_LChild.uasset" 10
"../../../../../Works/3D Engine Apps/District_22/D22_UE4/Content/Blueprints/ActiveDoorBP_Child1.uasset" 11
"../../../../../Works/3D Engine Apps/District_22/D22_UE4/Content/Blueprints/ActiveDoorBP_RChild.uasset" 12
"../../../../../Works/3D Engine Apps/District_22/D22_UE4/Content/Blueprints/FlyingCharacter.uasset" 13
"../../../../../Works/3D Engine Apps/District_22/D22_UE4/Content/Blueprints/WalkingCharacter.uasset" 14
"../../../Engine/Content/Functions/Engine_MaterialFunctions01/Opacity/CameraDepthFade.uasset" 15
"../../../Engine/Content/EngineMaterials/T_Default_Material_Grid_M.uasset" 16
"../../../Engine/Content/EngineMaterials/T_Default_Material_Grid_N.uasset" 17
"../../../Engine/Content/EngineMaterials/WorldGridMaterial.uasset" 18
"../../../Engine/Content/BasicShapes/Cube.uasset" 19
"../../../../../Works/3D Engine Apps/District_22/D22_UE4/Content/Blueprints/ActiveDoorBP.uasset" 20
"../../../../../Works/3D Engine Apps/District_22/D22_UE4/Content/Blueprints/Box_Brush_Blueprint.uasset" 21
"../../../../../Works/3D Engine Apps/District_22/D22_UE4/Content/Blueprints/SudakCharacter.uasset" 22
"../../../../../Works/3D Engine Apps/District_22/D22_UE4/Content/Blueprints/SceneGameMode.uasset" 23
"../../../../../Works/3D Engine Apps/District_22/D22_UE4/Content/Blueprints/SudakGameMode.uasset" 24
"../../../../../Works/3D Engine Apps/District_22/D22_UE4/Content/Sprites/blender_logo-2.uasset" 25
"../../../../../Works/3D Engine Apps/District_22/D22_UE4/Content/Sprites/Sketchup_logo.uasset" 26
"../../../../../Works/3D Engine Apps/District_22/D22_UE4/Content/Sprites/Unreal-engine-4-logo-wide-sm.uasset" 27
"../../../../../Works/3D Engine Apps/District_22/D22_UE4/Content/Blueprints/LoadinScreen.uasset" 28
"../../../../../Works/3D Engine Apps/District_22/D22_UE4/Content/Blueprints/TitleSplash.uasset" 29
"../../../../../Works/3D Engine Apps/District_22/D22_UE4/Content/Materials/BounceCard.uasset" 30
"../../../../../Works/3D Engine Apps/District_22/D22_UE4/Content/Materials/Brick_Pavers_Modular_001.uasset" 31
"../../../../../Works/3D Engine Apps/District_22/D22_UE4/Content/Materials/D22-Brick.uasset" 32
"../../../../../Works/3D Engine Apps/District_22/D22_UE4/Content/Textures/Fencing_Diamond_Mesh-MASK.uasset" 33
"../../../../../Works/3D Engine Apps/District_22/D22_UE4/Content/Materials/D22-Fencing_MTL.uasset" 34
"../../../../../Works/3D Engine Apps/District_22/D22_UE4/Content/Materials/D22-Roofing.uasset" 35
"../../../../../Works/3D Engine Apps/District_22/D22_UE4/Content/Materials/D22-Wood.uasset" 36
"../../../../../Works/3D Engine Apps/District_22/D22_UE4/Content/Materials/D22Stable-Brick.uasset" 37
"../../../../../Works/3D Engine Apps/District_22/D22_UE4/Content/Materials/D22Stable-Roofing.uasset" 38
"../../../../../Works/3D Engine Apps/District_22/D22_UE4/Content/Materials/D22Stable-Wood.uasset" 39
"../../../../../Works/3D Engine Apps/District_22/D22_UE4/Content/Materials/MISC-Invisible_Surface.uasset" 40
"../../../../../Works/3D Engine Apps/District_22/D22_UE4/Content/Materials/MPlan_001.uasset" 41
"../../../../../Works/3D Engine Apps/District_22/D22_UE4/Content/Materials/M_Simple.uasset" 42
"../../../../../Works/3D Engine Apps/District_22/D22_UE4/Content/Modules/Brick.uasset" 43
"../../../../../Works/3D Engine Apps/District_22/D22_UE4/Content/Modules/D22-Brick.uasset" 44
"../../../../../Works/3D Engine Apps/District_22/D22_UE4/Content/Textures/MaterialPlan_a.uasset" 45
"../../../../../Works/3D Engine Apps/District_22/D22_UE4/Content/Materials/D22-Plan_MTL.uasset" 46
"../../../../../Works/3D Engine Apps/District_22/D22_UE4/Content/Modules/D22-Plan.uasset" 47
"../../../../../Works/3D Engine Apps/District_22/D22_UE4/Content/Modules/D22-Ground_GroundPlan.uasset" 48
"../../../../../Works/3D Engine Apps/District_22/D22_UE4/Content/Textures/WALL-1935F.uasset" 49
"../../../../../Works/3D Engine Apps/District_22/D22_UE4/Content/Textures/WALL-1935F_normal.uasset" 50
"../../../../../Works/3D Engine Apps/District_22/D22_UE4/Content/Materials/D22-Brick_Pavers_MTL.uasset" 51
"../../../../../Works/3D Engine Apps/District_22/D22_UE4/Content/Modules/D22-Walls.uasset" 52
"../../../../../Works/3D Engine Apps/District_22/D22_UE4/Content/Modules/D22-Ground_Walls.uasset" 53
"../../../../../Works/3D Engine Apps/District_22/D22_UE4/Content/Modules/D22-WElls.uasset" 54
"../../../../../Works/3D Engine Apps/District_22/D22_UE4/Content/Modules/D22-Ground_WellS.uasset" 55
"../../../../../Works/3D Engine Apps/District_22/D22_UE4/Content/Modules/D22-Roofing.uasset" 56
"../../../../../Works/3D Engine Apps/District_22/D22_UE4/Content/Modules/D22-Wood.uasset" 57
"../../../../../Works/3D Engine Apps/District_22/D22_UE4/Content/Modules/Roofing.uasset" 58
"../../../../../Works/3D Engine Apps/District_22/D22_UE4/Content/Modules/WallsSmallEntrance.uasset" 59
"../../../../../Works/3D Engine Apps/District_22/D22_UE4/Content/Modules/Windows_Window2F.uasset" 60
"../../../../../Works/3D Engine Apps/District_22/D22_UE4/Content/Modules/Wood.uasset" 61
"../../../../../Works/3D Engine Apps/District_22/D22_UE4/Content/Modules/Wood_Stairs.uasset" 62
"../../../../../Works/3D Engine Apps/District_22/D22_UE4/Content/Splash/Splash.uasset" 63
"../../../../../Works/3D Engine Apps/District_22/D22_UE4/Content/Sprites/Spalsh_tp.uasset" 64
"../../../../../Works/3D Engine Apps/District_22/D22_UE4/Content/Sprites/UI-gravity_off.uasset" 65
"../../../../../Works/3D Engine Apps/District_22/D22_UE4/Content/Sprites/UI-gravity_on.uasset" 66
"../../../../../Works/3D Engine Apps/District_22/D22_UE4/Content/Textures/Brick_Pavers_Modular-TX.uasset" 67
"../../../../../Works/3D Engine Apps/District_22/D22_UE4/Content/Textures/Brick_Pavers_Modular-TX_NRM.uasset" 68
"../../../../../Works/3D Engine Apps/District_22/D22_UE4/Content/Textures/Fencing_Diamond_Mesh-TX.uasset" 69
"../../../../../Works/3D Engine Apps/District_22/D22_UE4/Content/Textures/Roofing_Shingles_Variable-TX.uasset" 70
"../../../../../Works/3D Engine Apps/District_22/D22_UE4/Content/Textures/Roofing_Shingles_Variable-TX_NRM.uasset" 71
"../../../../../Works/3D Engine Apps/District_22/D22_UE4/Content/Textures/stropila_normal.uasset" 72
"../../../../../Works/3D Engine Apps/District_22/D22_UE4/Content/Textures/wave_NRM-1.uasset" 73
"../../../../../Works/3D Engine Apps/District_22/D22_UE4/Content/Textures/wave_NRM-2.uasset" 74
"../../../../../Works/3D Engine Apps/District_22/D22_UE4/Content/Textures/Wood__Floor-TX.uasset" 75
"../../../../../Works/3D Engine Apps/District_22/D22_UE4/Content/Textures/Wood__Floor-TX_NRM.uasset" 76
"../../../Engine/Content/Animation/DefaultAnimCurveCompressionSettings.uasset" 77
"../../../Engine/Content/ArtTools/RenderToTexture/Meshes/S_1_Unit_Plane.uasset" 78
"../../../Engine/Content/EngineMaterials/DefaultMaterial.uasset" 79
"../../../Engine/Content/BasicShapes/Cone.uasset" 80
"../../../Engine/Content/BasicShapes/Cylinder.uasset" 81
"../../../Engine/Content/BasicShapes/Sphere.uasset" 82
"../../../Engine/Content/EditorLandscapeResources/DataLayer.uasset" 83
"../../../Engine/Content/EditorMaterials/GizmoMaterial.uasset" 84
"../../../Engine/Content/EditorMaterials/MAT_Groups_Toggle.uasset" 85
"../../../Engine/Content/EditorMaterials/MAT_Groups_Visibility.uasset" 86
"../../../Engine/Content/EditorMaterials/PreviewShadowIndicator.uasset" 87
"../../../Engine/Content/EditorMaterials/PreviewShadowIndicatorMaterial.uasset" 88
"../../../Engine/Content/EditorMaterials/MatineeGroups/MAT_ColorTrack.uasset" 89
"../../../Engine/Content/EditorMaterials/MatineeGroups/MAT_Groups_Anim.uasset" 90
"../../../Engine/Content/EditorMaterials/MatineeGroups/MAT_Groups_AudioMaster.uasset" 91
"../../../Engine/Content/EditorMaterials/MatineeGroups/MAT_Groups_Director.uasset" 92
"../../../Engine/Content/EditorMaterials/MatineeGroups/MAT_Groups_Event.uasset" 93
"../../../Engine/Content/EditorMaterials/MatineeGroups/MAT_Groups_Fade.uasset" 94
"../../../Engine/Content/EditorMaterials/MatineeGroups/MAT_Groups_Float.uasset" 95
"../../../Engine/Content/EditorMaterials/MatineeGroups/MAT_Groups_Move.uasset" 96
"../../../Engine/Content/EditorMaterials/MatineeGroups/MAT_Groups_Slomo.uasset" 97
"../../../Engine/Content/EditorMaterials/MatineeGroups/MAT_Groups_Sound.uasset" 98
"../../../Engine/Content/EditorMaterials/MatineeGroups/MAT_Groups_Vector.uasset" 99
"../../../Engine/Content/EditorMaterials/ParticleSystems/PSysThumbnail_NoImage.uasset" 100
"../../../Engine/Content/EditorMaterials/ParticleSystems/PSysThumbnail_OOD.uasset" 101
"../../../Engine/Content/EditorMaterials/Camera/CineMat.uasset" 102
"../../../Engine/Content/EditorMaterials/Camera/MI_CineMat_Rig.uasset" 103
"../../../Engine/Content/EditorMeshes/Camera/SM_CraneRig_Arm.uasset" 104
"../../../Engine/Content/EditorMeshes/Camera/SM_CraneRig_Base.uasset" 105
"../../../Engine/Content/EditorMeshes/Camera/SM_CraneRig_Body.uasset" 106
"../../../Engine/Content/EditorMeshes/Camera/SM_CraneRig_Mount.uasset" 107
"../../../Engine/Content/EditorMeshes/Camera/SM_RailRig_Mount.uasset" 108
"../../../Engine/Content/EditorMeshes/Camera/SM_RailRig_Track.uasset" 109
"../../../Engine/Content/EditorResources/BSPVertex.uasset" 110
"../../../Engine/Content/EditorResources/EmptyActor.uasset" 111
"../../../Engine/Content/EditorResources/S_Actor.uasset" 112
"../../../Engine/Content/EditorResources/S_Note.uasset" 113
"../../../Engine/Content/EditorResources/S_Solver.uasset" 114
"../../../Engine/Content/EditorResources/S_Trigger.uasset" 115
"../../../Engine/Content/EditorResources/LightIcons/S_LightError.uasset" 116
"../../../Engine/Content/EditorSounds/Notifications/CompileFailed.uasset" 117
"../../../Engine/Content/EditorSounds/Notifications/CompileFailed_Cue.uasset" 118
"../../../Engine/Content/EditorSounds/Notifications/CompileSuccess.uasset" 119
"../../../Engine/Content/EditorSounds/Notifications/CompileStart_Cue.uasset" 120
"../../../Engine/Content/EditorSounds/Notifications/CompileSuccess_Cue.uasset" 121
"../../../Engine/Content/EngineDamageTypes/DmgTypeBP_Environmental.uasset" 122
"../../../Engine/Content/EngineDebugMaterials/HeatmapGradient.uasset" 123
"../../../Engine/Content/EngineDebugMaterials/BoneWeightMaterial.uasset" 124
"../../../Engine/Content/EngineDebugMaterials/ClothMaterial.uasset" 125
"../../../Engine/Content/EngineDebugMaterials/ClothMaterial_WF.uasset" 126
"../../../Engine/Content/EngineDebugMaterials/DebugEditorMaterial.uasset" 127
"../../../Engine/Content/EngineDebugMaterials/DebugMeshMaterial.uasset" 128
"../../../Engine/Content/EngineDebugMaterials/GeomMaterial.uasset" 129
"../../../Engine/Content/EngineDebugMaterials/M_SimpleTranslucent.uasset" 130
"../../../Engine/Content/Functions/Engine_MaterialFunctions02/Utility/CameraDirectionVector.uasset" 131
"../../../Engine/Content/EngineDebugMaterials/VolumeToRender.uasset" 132
"../../../Engine/Content/EngineDebugMaterials/M_VolumeRenderSphereTracePP.uasset" 133
"../../../Engine/Content/EngineDebugMaterials/WireframeMaterial.uasset" 134
"../../../Engine/Content/EngineFonts/Faces/RobotoBold.uasset" 135
"../../../Engine/Content/EngineFonts/Faces/RobotoBoldItalic.uasset" 136
"../../../Engine/Content/EngineFonts/Faces/RobotoItalic.uasset" 137
"../../../Engine/Content/EngineFonts/Faces/RobotoLight.uasset" 138
"../../../Engine/Content/EngineFonts/Faces/RobotoRegular.uasset" 139
"../../../Engine/Content/EngineFonts/Roboto.uasset" 140
"../../../Engine/Content/EngineMaterials/BaseFlattenDiffuseMap.uasset" 141
"../../../Engine/Content/EngineMaterials/BaseFlattenEmissiveMap.uasset" 142
"../../../Engine/Content/EngineMaterials/BaseFlattenGrayscaleMap.uasset" 143
"../../../Engine/Content/EngineMaterials/BaseFlattenNormalMap.uasset" 144
"../../../Engine/Content/EngineMaterials/BaseFlattenMaterial.uasset" 145
"../../../Engine/Content/EngineMaterials/BlueNoise.uasset" 146
"../../../Engine/Content/EngineMaterials/DefaultBloomKernel.uasset" 147
"../../../Engine/Content/EngineMaterials/DefaultBokeh.uasset" 148
"../../../Engine/Content/EngineMaterials/DefaultDiffuse.uasset" 149
"../../../Engine/Content/EngineMaterials/DefaultDeferredDecalMaterial.uasset" 150
"../../../Engine/Content/EngineMaterials/DefaultLightFunctionMaterial.uasset" 151
"../../../Engine/Content/EngineMaterials/DefaultPhysicalMaterial.uasset" 152
"../../../Engine/Content/Functions/Engine_MaterialFunctions02/Utility/BreakOutFloat2Components.uasset" 153
"../../../Engine/Content/EngineMaterials/DefaultPostProcessMaterial.uasset" 154
"../../../Engine/Content/EngineFonts/RobotoDistanceField.uasset" 155
"../../../Engine/Content/EngineMaterials/DefaultTextMaterialOpaque.uasset" 156
"../../../Engine/Content/EngineMaterials/DefaultVirtualTextureMaterial.uasset" 157
"../../../Engine/Content/EngineMaterials/DefaultWhiteGrid.uasset" 158
"../../../Engine/Content/EngineMaterials/EditorBrushMaterial.uasset" 159
"../../../Engine/Content/EngineMaterials/DefaultWhiteGrid_Low.uasset" 160
"../../../Engine/Content/EngineMaterials/EmissiveMeshMaterial.uasset" 161
"../../../Engine/Content/EngineMaterials/Good64x64TilingNoiseHighFreq.uasset" 162
"../../../Engine/Content/EngineMaterials/MiniFont.uasset" 163
"../../../Engine/Content/EngineMaterials/InvalidLightmapSettings.uasset" 164
"../../../Engine/Content/EngineMaterials/M_InvalidLightmapSettings.uasset" 165
"../../../Engine/Content/Functions/Engine_MaterialFunctions02/WorldPositionOffset/CameraOffset.uasset" 166
"../../../Engine/Content/EngineMaterials/PhAT_JointLimitMaterial.uasset" 167
"../../../Engine/Content/EngineMaterials/PreintegratedSkinBRDF.uasset" 168
"../../../Engine/Content/EngineMaterials/RemoveSurfaceMaterial.uasset" 169
"../../../Engine/Content/EngineMaterials/WeightMapPlaceholderTexture.uasset" 170
"../../../Engine/Content/EngineResources/WhiteSquareTexture.uasset" 171
"../../../Engine/Content/EngineMaterials/Widget3DPassThrough.uasset" 172
"../../../Engine/Content/EngineMaterials/Widget3DPassThrough_Masked.uasset" 173
"../../../Engine/Content/EngineMaterials/Widget3DPassThrough_Opaque.uasset" 174
"../../../Engine/Content/EngineMaterials/Widget3DPassThrough_Masked_OneSided.uasset" 175
"../../../Engine/Content/EngineMaterials/Widget3DPassThrough_Opaque_OneSided.uasset" 176
"../../../Engine/Content/EngineMaterials/Widget3DPassThrough_Translucent.uasset" 177
"../../../Engine/Content/EngineMaterials/Widget3DPassThrough_Translucent_OneSided.uasset" 178
"../../../Engine/Content/EngineMeshes/Cube.uasset" 179
"../../../Engine/Content/EngineMeshes/Sphere.uasset" 180
"../../../Engine/Content/EngineResources/Black.uasset" 181
"../../../Engine/Content/EngineResources/DefaultTexture.uasset" 182
"../../../Engine/Content/EngineResources/DefaultTextureCube.uasset" 183
"../../../Engine/Content/EngineResources/DefaultVolumeTexture2D.uasset" 184
"../../../Engine/Content/EngineResources/DefaultVolumeTexture.uasset" 185
"../../../Engine/Content/EngineResources/GradientTexture0.uasset" 186
"../../../Engine/Content/EngineSounds/Master.uasset" 187
"../../../Engine/Content/Functions/Engine_MaterialFunctions01/Shading/ConvertFromDiffSpec.uasset" 188
"../../../Engine/Content/Functions/Engine_MaterialFunctions01/Shading/PowerToRoughness.uasset" 189
"../../../Engine/Content/Maps/Templates/Thumbnails/Default.uasset" 190
"../../../Engine/Content/Maps/Templates/Thumbnails/VR-Basic.uasset" 191
"../../../Engine/Content/MobileResources/T_MobileControls_texture.uasset" 192
"../../../Engine/Content/MobileResources/T_MobileMenu2.uasset" 193
"../../../Engine/Content/MobileResources/HUD/AnalogHat.uasset" 194
"../../../Engine/Content/MobileResources/HUD/VirtualJoystick_Background.uasset" 195
"../../../Engine/Content/MobileResources/HUD/VirtualJoystick_Thumb.uasset" 196
"../../../Engine/Content/MobileResources/HUD/DefaultVirtualJoysticks.uasset" 197
"../../../Engine/Content/MobileResources/HUD/LeftVirtualJoystickOnly.uasset" 198
"../../../Engine/Content/MobileResources/HUD/MobileHUDButton1_off.uasset" 199
"../../../Engine/Content/MobileResources/HUD/MobileHUDButton1_on.uasset" 200
"../../../Engine/Content/MobileResources/HUD/MobileHUDButton2_off.uasset" 201
"../../../Engine/Content/MobileResources/HUD/MobileHUDButton2_on.uasset" 202
"../../../Engine/Content/MobileResources/HUD/MobileHUDButton3.uasset" 203
"../../../Engine/Content/MobileResources/HUD/MobileHUDButtonFire.uasset" 204
"../../../Engine/Content/MobileResources/HUD/MobileHUDDirectionPad.uasset" 205
"../../../Engine/Content/MobileResources/HUD/MobileHUDDirectionPad2.uasset" 206
"../../../Engine/Content/MobileResources/HUD/MobileHUDDirectionPad3.uasset" 207
"../../../Engine/Content/MobileResources/HUD/MobileHUDDirectionStick.uasset" 208
"../../../Engine/Content/MobileResources/HUD/T_Castle_ThumbstickInner.uasset" 209
"../../../Engine/Content/MobileResources/HUD/T_Castle_ThumbstickOutter.uasset" 210
"../../../Engine/Content/Tutorial/ContentIntroCurve.uasset" 211
"../../../Engine/Content/Tutorial/Basics/LevelEditorAttract.uasset" 212
"../../../Engine/Content/Tutorial/Basics/TutorialAssets/icon_tab_Levels_40x.uasset" 213
"../../../Engine/Content/Tutorial/Basics/LevelEditorOverview.uasset" 214
"../../../Engine/Content/Tutorial/BlueprintTutorials/TutorialAssets/Blueprint_64x.uasset" 215
"../../../Engine/Content/Tutorial/BlueprintTutorials/BlueprintEditorTutorial.uasset" 216
"../../../Engine/Content/Tutorial/BlueprintTutorials/TutorialAssets/BlueprintInterface_64x.uasset" 217
"../../../Engine/Content/Tutorial/BlueprintTutorials/BlueprintInterfacesEditorOverview.uasset" 218
"../../../Engine/Content/Tutorial/BlueprintTutorials/LevelBlueprintEditorOverview.uasset" 219
"../../../Engine/Content/Tutorial/BlueprintTutorials/TutorialAssets/Tutorial_BP_Interface.uasset" 220
"../../../Engine/Content/Tutorial/Code/AddingCode.uasset" 221
"../../../Engine/Content/Tutorial/Foliage/TutorialAssets/Foliage.uasset" 222
"../../../Engine/Content/Tutorial/Foliage/Foliage_Intro_Tutorial.uasset" 223
"../../../Engine/Content/Tutorial/Foliage/Foliage_Settings_Tutorial.uasset" 224
"../../../Engine/Content/Tutorial/Foliage/Foliage_Using_The_Tool_Tutorial.uasset" 225
"../../../Engine/Content/Tutorial/Landscape/TutorialAssets/Landscape.uasset" 226
"../../../Engine/Content/Tutorial/Landscape/LandscapeWalkThrough.uasset" 227
"../../../Engine/Content/Tutorial/Landscape/Landscape_Manage_Mode.uasset" 228
"../../../Engine/Content/EditorBlueprintResources/StandardMacros.uasset" 229
"../../../Engine/Content/Tutorial/Landscape/Landscape_Painting_Mode.uasset" 230
"../../../Engine/Content/Tutorial/Landscape/Landscape_Sculpt_Mode.uasset" 231
"../../../Engine/Content/Tutorial/Mobile/TutorialAssets/android_Icon.uasset" 232
"../../../Engine/Content/Tutorial/Mobile/SettingUpAndroidTutorial.uasset" 233
"../../../Engine/Content/Tutorial/SubEditors/MaterialEditorTutorial.uasset" 234
"../../../Engine/Content/Tutorial/SubEditors/StaticMeshEditorTutorial.uasset" 235
"../../../Engine/Content/Tutorial/SubEditors/TutorialAssets/TutorialMaterial.uasset" 236
"../../../Engine/Content/VREditor/LaserPointer/VR_LaserPower_01.uasset" 237
"../../../Engine/Content/VREditor/TransformGizmo/TransformGizmoMaterial.uasset" 238
"../../../Engine/Content/VREditor/TransformGizmo/TranslucentTransformGizmoMaterial.uasset" 239
"../../../Engine/Content/VREditor/TransformGizmo/BoundingBoxCorner.uasset" 240
"../../../Engine/Content/VREditor/TransformGizmo/BoundingBoxEdge.uasset" 241
"../../../Engine/Content/VREditor/TransformGizmo/PlaneTranslationHandle.uasset" 242
"../../../Engine/Content/VREditor/TransformGizmo/Main.uasset" 243
"../../../Engine/Content/VREditor/TransformGizmo/Xray.uasset" 244
"../../../Engine/Content/VREditor/TransformGizmo/SM_Sequencer_Key.uasset" 245
"../../../Engine/Content/VREditor/TransformGizmo/SM_Sequencer_Node.uasset" 246
"../../../Engine/Content/EngineSky/C_Sky_Cloud_Color.uasset" 247
"../../../Engine/Content/EngineSky/C_Sky_Horizon_Color.uasset" 248
"../../../Engine/Content/EngineSky/C_Sky_Zenith_Color.uasset" 249
"../../../Engine/Content/EngineSky/T_Sky_Blue.uasset" 250
"../../../Engine/Content/EngineSky/T_Sky_Clouds_M.uasset" 251
"../../../Engine/Content/EngineSky/T_Sky_Stars.uasset" 252
"../../../Engine/Content/EngineSky/M_Sky_Panning_Clouds2.uasset" 253
"../../../Engine/Content/EngineSky/SM_SkySphere.uasset" 254
"../../../Engine/Content/EngineSky/BP_Sky_Sphere.uasset" 255
"../../../../../Works/3D Engine Apps/District_22/D22_UE4/Content/District22lvl_BuiltData.uasset" 256
"../../../../../Works/3D Engine Apps/District_22/D22_UE4/Content/Textures/Groundcover_Sand_Smooth-TX.uasset" 257
"../../../../../Works/3D Engine Apps/District_22/D22_UE4/Content/Textures/Groundcover_Sand_Smooth-TX_NRM.uasset" 258
"../../../../../Works/3D Engine Apps/District_22/D22_UE4/Content/Materials/D22-Groundcover_MTL.uasset" 259
"../../../../../Works/3D Engine Apps/District_22/D22_UE4/Content/Materials/MISC-BounceCard.uasset" 260
"../../../../../Works/3D Engine Apps/District_22/D22_UE4/Content/Textures/T_Water_01_N.uasset" 261
"../../../../../Works/3D Engine Apps/District_22/D22_UE4/Content/Textures/T_Water_Ripple_Directional_Noise.uasset" 262
"../../../../../Works/3D Engine Apps/District_22/D22_UE4/Content/Materials/M_Water_Master.uasset" 263
"../../../../../Works/3D Engine Apps/District_22/D22_UE4/Content/Materials/M_Water_Master_Inst.uasset" 264
"../../../../../Works/3D Engine Apps/District_22/D22_UE4/Content/Sprites/keyboard-key-icon.uasset" 265
"../../../../../Works/3D Engine Apps/District_22/D22_UE4/Content/Blueprints/PlayerOverlay.uasset" 266
"../../../Engine/Content/BasicShapes/Plane.uasset" 267
"../../../../../Works/3D Engine Apps/District_22/D22_UE4/Content/Blueprints/HelpScreen.uasset" 268
"../../../../../Works/3D Engine Apps/District_22/D22_UE4/Content/Textures/plinfa.uasset" 269
"../../../../../Works/3D Engine Apps/District_22/D22_UE4/Content/Textures/plinfa_normal.uasset" 270
"../../../../../Works/3D Engine Apps/District_22/D22_UE4/Content/Materials/D22-Roofing_Shingles_MTL.uasset" 271
"../../../../../Works/3D Engine Apps/District_22/D22_UE4/Content/Textures/NTE_FreshWood_D.uasset" 272
"../../../../../Works/3D Engine Apps/District_22/D22_UE4/Content/Textures/NTE_FreshWood_D_normal.uasset" 273
"../../../../../Works/3D Engine Apps/District_22/D22_UE4/Content/Materials/D22-Wood_MTL.uasset" 274
"../../../../../Works/3D Engine Apps/District_22/D22_UE4/Content/Modules/D22-BigHouse.uasset" 275
"../../../../../Works/3D Engine Apps/District_22/D22_UE4/Content/Modules/D22-Blding1.uasset" 276
"../../../../../Works/3D Engine Apps/District_22/D22_UE4/Content/Modules/D22-Building2.uasset" 277
"../../../../../Works/3D Engine Apps/District_22/D22_UE4/Content/Modules/D22-Building3.uasset" 278
"../../../../../Works/3D Engine Apps/District_22/D22_UE4/Content/Modules/D22-Building4.uasset" 279
"../../../../../Works/3D Engine Apps/District_22/D22_UE4/Content/Modules/D22-SmallBasilica.uasset" 280
"../../../../../Works/3D Engine Apps/District_22/D22_UE4/Content/Modules/D22-Stable.uasset" 281
"../../../../../Works/3D Engine Apps/District_22/D22_UE4/Content/Modules/D22-Stairs.uasset" 282
"../../../Engine/Content/Functions/Engine_MaterialFunctions03/Procedurals/GeneratedBand.uasset" 283
"../../../../../Works/3D Engine Apps/District_22/D22_UE4/Content/Materials/D22-Procedural_Glass.uasset" 284
"../../../../../Works/3D Engine Apps/District_22/D22_UE4/Content/Modules/D22-Windows.uasset" 285
"../../../../../Works/3D Engine Apps/District_22/D22_UE4/Content/District22lvl.umap" 286
"../../../../../Works/3D Engine Apps/District_22/D22_UE4/Content/MainMenu_lvl_BuiltData.uasset" 287
"../../../../../Works/3D Engine Apps/District_22/D22_UE4/Content/MainMenu_lvl.umap" 288
"../../../Engine/Content/Maps/Entry_BuiltData.uasset" 289
"../../../Engine/Content/Maps/Entry.umap" 290
