"../../../../../!Works/3D Modeling/District_22/D22_UE4/Content/Modules/Windows_Window2F.uasset" 0
"../../../../../!Works/3D Modeling/District_22/D22_UE4/Content/Modules/WallsSmallEntrance.uasset" 1
"../../../../../!Works/3D Modeling/District_22/D22_UE4/Content/Textures/Fencing_Diamond_Mesh-MASK.uasset" 2
"../../../../../!Works/3D Modeling/District_22/D22_UE4/Content/Materials/D22-Fencing_MTL.uasset" 3
"../../../../../!Works/3D Modeling/District_22/D22_UE4/Content/Materials/MISC-Invisible_Surface.uasset" 4
"../../../../../!Works/3D Modeling/District_22/D22_UE4/Content/Materials/M_Simple.uasset" 5
"../../../../../!Works/3D Modeling/District_22/D22_UE4/Content/Splash/Splash.uasset" 6
"../../../../../!Works/3D Modeling/District_22/D22_UE4/Content/Blueprints/FlyingCharacter.uasset" 7
"../../../../../!Works/3D Modeling/District_22/D22_UE4/Content/Blueprints/WalkingCharacter.uasset" 8
"../../../Engine/Content/Functions/Engine_MaterialFunctions01/Opacity/CameraDepthFade.uasset" 9
"../../../Engine/Content/EngineMaterials/T_Default_Material_Grid_M.uasset" 10
"../../../Engine/Content/EngineMaterials/T_Default_Material_Grid_N.uasset" 11
"../../../Engine/Content/EngineMaterials/WorldGridMaterial.uasset" 12
"../../../Engine/Content/BasicShapes/Cube.uasset" 13
"../../../../../!Works/3D Modeling/District_22/D22_UE4/Content/Blueprints/ActiveDoorBP.uasset" 14
"../../../../../!Works/3D Modeling/District_22/D22_UE4/Content/Textures/Wood_Floor.uasset" 15
"../../../../../!Works/3D Modeling/District_22/D22_UE4/Content/Textures/wave_NRM-1.uasset" 16
"../../../../../!Works/3D Modeling/District_22/D22_UE4/Content/Textures/Brick_Pavers_Modular.uasset" 17
"../../../../../!Works/3D Modeling/District_22/D22_UE4/Content/Textures/wave_NRM-2.uasset" 18
"../../../../../!Works/3D Modeling/District_22/D22_UE4/Content/Textures/Fencing_Diamond_Mesh-TX.uasset" 19
"../../../../../!Works/3D Modeling/District_22/D22_UE4/Content/Sprites/UI-gravity_on.uasset" 20
"../../../../../!Works/3D Modeling/District_22/D22_UE4/Content/Sprites/Spalsh_tp.uasset" 21
"../../../../../!Works/3D Modeling/District_22/D22_UE4/Content/Sprites/UI-gravity_off.uasset" 22
"../../../Engine/Content/EngineDamageTypes/DmgTypeBP_Environmental.uasset" 23
"../../../Engine/Content/EditorSounds/Notifications/CompileSuccess.uasset" 24
"../../../Engine/Content/EditorSounds/Notifications/CompileStart_Cue.uasset" 25
"../../../Engine/Content/EditorSounds/Notifications/CompileFailed.uasset" 26
"../../../Engine/Content/EditorSounds/Notifications/CompileFailed_Cue.uasset" 27
"../../../Engine/Content/EditorSounds/Notifications/CompileSuccess_Cue.uasset" 28
"../../../Engine/Content/Maps/Templates/Thumbnails/Default.uasset" 29
"../../../Engine/Content/Maps/Templates/Thumbnails/VR-Basic.uasset" 30
"../../../Engine/Content/Tutorial/ContentIntroCurve.uasset" 31
"../../../Engine/Content/Tutorial/SubEditors/TutorialAssets/TutorialMaterial.uasset" 32
"../../../Engine/Content/Tutorial/Mobile/TutorialAssets/android_Icon.uasset" 33
"../../../Engine/Content/Tutorial/BlueprintTutorials/TutorialAssets/Blueprint_64x.uasset" 34
"../../../Engine/Content/Tutorial/Foliage/TutorialAssets/Foliage.uasset" 35
"../../../Engine/Content/Tutorial/Landscape/TutorialAssets/Landscape.uasset" 36
"../../../Engine/Content/Tutorial/Basics/TutorialAssets/icon_tab_Levels_40x.uasset" 37
"../../../Engine/Content/EngineMeshes/Sphere.uasset" 38
"../../../Engine/Content/EngineMaterials/DefaultMaterial.uasset" 39
"../../../Engine/Content/EngineMeshes/Cube.uasset" 40
"../../../Engine/Content/EngineMeshes/Cylinder.uasset" 41
"../../../Engine/Content/MobileResources/T_MobileMenu2.uasset" 42
"../../../Engine/Content/MobileResources/T_MobileControls_texture.uasset" 43
"../../../Engine/Content/MobileResources/HUD/VirtualJoystick_Background.uasset" 44
"../../../Engine/Content/MobileResources/HUD/VirtualJoystick_Thumb.uasset" 45
"../../../Engine/Content/MobileResources/HUD/DefaultVirtualJoysticks.uasset" 46
"../../../Engine/Content/MobileResources/HUD/MobileHUDButton2_off.uasset" 47
"../../../Engine/Content/MobileResources/HUD/T_Castle_ThumbstickInner.uasset" 48
"../../../Engine/Content/MobileResources/HUD/MobileHUDButton3.uasset" 49
"../../../Engine/Content/MobileResources/HUD/LeftVirtualJoystickOnly.uasset" 50
"../../../Engine/Content/MobileResources/HUD/T_Castle_ThumbstickOutter.uasset" 51
"../../../Engine/Content/MobileResources/HUD/MobileHUDButtonFire.uasset" 52
"../../../Engine/Content/MobileResources/HUD/MobileHUDButton2_on.uasset" 53
"../../../Engine/Content/MobileResources/HUD/MobileHUDDirectionPad3.uasset" 54
"../../../Engine/Content/MobileResources/HUD/MobileHUDDirectionStick.uasset" 55
"../../../Engine/Content/MobileResources/HUD/MobileHUDDirectionPad.uasset" 56
"../../../Engine/Content/MobileResources/HUD/MobileHUDButton1_off.uasset" 57
"../../../Engine/Content/MobileResources/HUD/MobileHUDDirectionPad2.uasset" 58
"../../../Engine/Content/MobileResources/HUD/AnalogHat.uasset" 59
"../../../Engine/Content/MobileResources/HUD/MobileHUDButton1_on.uasset" 60
"../../../Engine/Content/Functions/Engine_MaterialFunctions01/Shading/PowerToRoughness.uasset" 61
"../../../Engine/Content/Functions/Engine_MaterialFunctions01/Shading/ConvertFromDiffSpec.uasset" 62
"../../../Engine/Content/EditorMaterials/Camera/CineMat.uasset" 63
"../../../Engine/Content/EditorMaterials/Camera/MI_CineMat_Rig.uasset" 64
"../../../Engine/Content/EditorMeshes/Camera/SM_RailRig_Mount.uasset" 65
"../../../Engine/Content/EditorMeshes/Camera/SM_CraneRig_Arm.uasset" 66
"../../../Engine/Content/EditorMeshes/Camera/SM_RailRig_Track.uasset" 67
"../../../Engine/Content/EditorMeshes/Camera/SM_CraneRig_Base.uasset" 68
"../../../Engine/Content/EditorMeshes/Camera/SM_CraneRig_Body.uasset" 69
"../../../Engine/Content/EditorMeshes/Camera/SM_CraneRig_Mount.uasset" 70
"../../../Engine/Content/EngineDebugMaterials/M_SimpleTranslucent.uasset" 71
"../../../Engine/Content/EngineDebugMaterials/ClothMaterial.uasset" 72
"../../../Engine/Content/EngineDebugMaterials/GeomMaterial.uasset" 73
"../../../Engine/Content/EngineDebugMaterials/ClothMaterial_WF.uasset" 74
"../../../Engine/Content/EngineDebugMaterials/DebugEditorMaterial.uasset" 75
"../../../Engine/Content/EngineDebugMaterials/DebugMeshMaterial.uasset" 76
"../../../Engine/Content/EngineDebugMaterials/HeatmapGradient.uasset" 77
"../../../Engine/Content/EngineDebugMaterials/BoneWeightMaterial.uasset" 78
"../../../Engine/Content/BasicShapes/Sphere.uasset" 79
"../../../Engine/Content/BasicShapes/Cylinder.uasset" 80
"../../../Engine/Content/BasicShapes/Cone.uasset" 81
"../../../Engine/Content/EditorResources/BSPVertex.uasset" 82
"../../../Engine/Content/EditorResources/EmptyActor.uasset" 83
"../../../Engine/Content/EditorResources/S_Trigger.uasset" 84
"../../../Engine/Content/EditorResources/S_Actor.uasset" 85
"../../../Engine/Content/EditorResources/LightIcons/S_LightError.uasset" 86
"../../../Engine/Content/ArtTools/RenderToTexture/Meshes/S_1_Unit_Plane.uasset" 87
"../../../Engine/Content/EngineSounds/Master.uasset" 88
"../../../Engine/Content/VREditor/LaserPointer/VR_LaserPower_01.uasset" 89
"../../../Engine/Content/VREditor/TransformGizmo/TransformGizmoMaterial.uasset" 90
"../../../Engine/Content/VREditor/TransformGizmo/TranslucentTransformGizmoMaterial.uasset" 91
"../../../Engine/Content/VREditor/TransformGizmo/PlaneTranslationHandle.uasset" 92
"../../../Engine/Content/VREditor/TransformGizmo/BoundingBoxCorner.uasset" 93
"../../../Engine/Content/VREditor/TransformGizmo/Main.uasset" 94
"../../../Engine/Content/VREditor/TransformGizmo/Xray.uasset" 95
"../../../Engine/Content/VREditor/TransformGizmo/SM_Sequencer_Key.uasset" 96
"../../../Engine/Content/VREditor/TransformGizmo/SM_Sequencer_Node.uasset" 97
"../../../Engine/Content/VREditor/TransformGizmo/BoundingBoxEdge.uasset" 98
"../../../Engine/Content/EditorLandscapeResources/DataLayer.uasset" 99
"../../../Engine/Content/EngineMaterials/DefaultBloomKernel.uasset" 100
"../../../Engine/Content/EngineMaterials/DefaultLightFunctionMaterial.uasset" 101
"../../../Engine/Content/EngineResources/WhiteSquareTexture.uasset" 102
"../../../Engine/Content/EngineMaterials/Widget3DPassThrough.uasset" 103
"../../../Engine/Content/EngineMaterials/Widget3DPassThrough_Translucent.uasset" 104
"../../../Engine/Content/EngineMaterials/Widget3DPassThrough_Translucent_OneSided.uasset" 105
"../../../Engine/Content/EngineMaterials/DefaultWhiteGrid.uasset" 106
"../../../Engine/Content/EngineMaterials/DefaultBokeh.uasset" 107
"../../../Engine/Content/EngineMaterials/WeightMapPlaceholderTexture.uasset" 108
"../../../Engine/Content/EngineMaterials/DefaultPhysicalMaterial.uasset" 109
"../../../Engine/Content/EngineMaterials/MiniFont.uasset" 110
"../../../Engine/Content/EngineMaterials/Good64x64TilingNoiseHighFreq.uasset" 111
"../../../Engine/Content/EngineMaterials/BaseFlattenDiffuseMap.uasset" 112
"../../../Engine/Content/EngineMaterials/BaseFlattenEmissiveMap.uasset" 113
"../../../Engine/Content/EngineMaterials/BaseFlattenGrayscaleMap.uasset" 114
"../../../Engine/Content/EngineMaterials/BaseFlattenNormalMap.uasset" 115
"../../../Engine/Content/EngineMaterials/BaseFlattenMaterial.uasset" 116
"../../../Engine/Content/EngineMaterials/RemoveSurfaceMaterial.uasset" 117
"../../../Engine/Content/EngineMaterials/DefaultDiffuse.uasset" 118
"../../../Engine/Content/EngineMaterials/DefaultDeferredDecalMaterial.uasset" 119
"../../../Engine/Content/Functions/Engine_MaterialFunctions02/Utility/BreakOutFloat2Components.uasset" 120
"../../../Engine/Content/EngineMaterials/DefaultPostProcessMaterial.uasset" 121
"../../../Engine/Content/EngineMaterials/Widget3DPassThrough_Opaque.uasset" 122
"../../../Engine/Content/EngineMaterials/Widget3DPassThrough_Opaque_OneSided.uasset" 123
"../../../Engine/Content/EngineFonts/RobotoDistanceField.uasset" 124
"../../../Engine/Content/EngineMaterials/DefaultTextMaterialOpaque.uasset" 125
"../../../Engine/Content/EngineMaterials/Widget3DPassThrough_Masked.uasset" 126
"../../../Engine/Content/EngineMaterials/EditorBrushMaterial.uasset" 127
"../../../Engine/Content/EngineMaterials/Widget3DPassThrough_Masked_OneSided.uasset" 128
"../../../Engine/Content/EngineMaterials/PreintegratedSkinBRDF.uasset" 129
"../../../Engine/Content/EngineMaterials/InvalidLightmapSettings.uasset" 130
"../../../Engine/Content/EngineMaterials/M_InvalidLightmapSettings.uasset" 131
"../../../Engine/Content/Functions/Engine_MaterialFunctions02/WorldPositionOffset/CameraOffset.uasset" 132
"../../../Engine/Content/EngineMaterials/PhAT_JointLimitMaterial.uasset" 133
"../../../Engine/Content/EditorMaterials/GizmoMaterial.uasset" 134
"../../../Engine/Content/EditorMaterials/PreviewShadowIndicator.uasset" 135
"../../../Engine/Content/EditorMaterials/PreviewShadowIndicatorMaterial.uasset" 136
"../../../Engine/Content/EditorMaterials/MAT_Groups_Toggle.uasset" 137
"../../../Engine/Content/EditorMaterials/MAT_Groups_Visibility.uasset" 138
"../../../Engine/Content/EditorMaterials/MatineeGroups/MAT_Groups_Slomo.uasset" 139
"../../../Engine/Content/EditorMaterials/MatineeGroups/MAT_Groups_Event.uasset" 140
"../../../Engine/Content/EditorMaterials/MatineeGroups/MAT_Groups_Director.uasset" 141
"../../../Engine/Content/EditorMaterials/MatineeGroups/MAT_Groups_Move.uasset" 142
"../../../Engine/Content/EditorMaterials/MatineeGroups/MAT_ColorTrack.uasset" 143
"../../../Engine/Content/EditorMaterials/MatineeGroups/MAT_Groups_Fade.uasset" 144
"../../../Engine/Content/EditorMaterials/MatineeGroups/MAT_Groups_Vector.uasset" 145
"../../../Engine/Content/EditorMaterials/MatineeGroups/MAT_Groups_Float.uasset" 146
"../../../Engine/Content/EditorMaterials/MatineeGroups/MAT_Groups_Sound.uasset" 147
"../../../Engine/Content/EditorMaterials/MatineeGroups/MAT_Groups_Anim.uasset" 148
"../../../Engine/Content/EditorMaterials/MatineeGroups/MAT_Groups_AudioMaster.uasset" 149
"../../../Engine/Content/EditorMaterials/ParticleSystems/PSysThumbnail_OOD.uasset" 150
"../../../Engine/Content/EditorMaterials/ParticleSystems/PSysThumbnail_NoImage.uasset" 151
"../../../Engine/Content/EngineFonts/Faces/RobotoTiny.uasset" 152
"../../../Engine/Content/EngineFonts/RobotoTiny.uasset" 153
"../../../Engine/Content/EngineFonts/Faces/RobotoBold.uasset" 154
"../../../Engine/Content/EngineFonts/Faces/RobotoBoldItalic.uasset" 155
"../../../Engine/Content/EngineFonts/Faces/RobotoItalic.uasset" 156
"../../../Engine/Content/EngineFonts/Faces/RobotoLight.uasset" 157
"../../../Engine/Content/EngineFonts/Faces/RobotoRegular.uasset" 158
"../../../Engine/Content/EngineFonts/Roboto.uasset" 159
"../../../Engine/Content/EngineResources/DefaultTextureCube.uasset" 160
"../../../Engine/Content/EngineResources/Black.uasset" 161
"../../../Engine/Content/EngineResources/DefaultTexture.uasset" 162
"../../../Engine/Content/EngineResources/DefaultVolumeTexture2D.uasset" 163
"../../../Engine/Content/EngineResources/DefaultVolumeTexture.uasset" 164
"../../../Engine/Content/EngineResources/GradientTexture0.uasset" 165
"../../Plugins/2D/Paper2D/Content/DefaultSpriteMaterial.uasset" 166
"../../Plugins/2D/Paper2D/Content/MaskedUnlitSpriteMaterial.uasset" 167
"../../Plugins/2D/Paper2D/Content/OpaqueUnlitSpriteMaterial.uasset" 168
"../../Plugins/2D/Paper2D/Content/PlaceholderTextures/DummySpriteTexture.uasset" 169
"../../Plugins/2D/Paper2D/Content/DummySprite.uasset" 170
"../../Plugins/2D/Paper2D/Content/DefaultPaperTerrainMaterial.uasset" 171
"../../../Engine/Content/EditorBlueprintResources/StandardMacros.uasset" 172
"../../../Engine/Content/EngineSky/C_Sky_Cloud_Color.uasset" 173
"../../../Engine/Content/EngineSky/C_Sky_Horizon_Color.uasset" 174
"../../../Engine/Content/EngineSky/C_Sky_Zenith_Color.uasset" 175
"../../../Engine/Content/EngineSky/T_Sky_Blue.uasset" 176
"../../../Engine/Content/EngineSky/T_Sky_Clouds_M.uasset" 177
"../../../Engine/Content/EngineSky/T_Sky_Stars.uasset" 178
"../../../Engine/Content/EngineSky/M_Sky_Panning_Clouds2.uasset" 179
"../../../Engine/Content/EngineSky/SM_SkySphere.uasset" 180
"../../../Engine/Content/EngineSky/BP_Sky_Sphere.uasset" 181
"../../../../../!Works/3D Modeling/District_22/D22_UE4/Content/Blueprints/SceneGameMode.uasset" 182
"../../../../../!Works/3D Modeling/District_22/D22_UE4/Content/District22lvl_BuiltData.uasset" 183
"../../../../../!Works/3D Modeling/District_22/D22_UE4/Content/Textures/Groundcover_Sand_Smooth-TX.uasset" 184
"../../../../../!Works/3D Modeling/District_22/D22_UE4/Content/Textures/Groundcover_Sand_Smooth-TX_NRM.uasset" 185
"../../../../../!Works/3D Modeling/District_22/D22_UE4/Content/Materials/D22-Groundcover_MTL.uasset" 186
"../../../../../!Works/3D Modeling/District_22/D22_UE4/Content/Materials/MISC-BounceCard.uasset" 187
"../../../../../!Works/3D Modeling/District_22/D22_UE4/Content/Textures/T_Water_01_N.uasset" 188
"../../../../../!Works/3D Modeling/District_22/D22_UE4/Content/Textures/T_Water_Ripple_Directional_Noise.uasset" 189
"../../../../../!Works/3D Modeling/District_22/D22_UE4/Content/Materials/M_Water_Master.uasset" 190
"../../../../../!Works/3D Modeling/District_22/D22_UE4/Content/Materials/M_Water_Master_Inst.uasset" 191
"../../../../../!Works/3D Modeling/District_22/D22_UE4/Content/Sprites/keyboard-key-icon.uasset" 192
"../../../../../!Works/3D Modeling/District_22/D22_UE4/Content/Blueprints/PlayerOverlay.uasset" 193
"../../../Engine/Content/BasicShapes/Plane.uasset" 194
"../../../../../!Works/3D Modeling/District_22/D22_UE4/Content/Blueprints/HelpScreen.uasset" 195
"../../../../../!Works/3D Modeling/District_22/D22_UE4/Content/Textures/Brick_Pavers_Modular-TX.uasset" 196
"../../../../../!Works/3D Modeling/District_22/D22_UE4/Content/Textures/Brick_Pavers_Modular-TX_NRM.uasset" 197
"../../../../../!Works/3D Modeling/District_22/D22_UE4/Content/Materials/D22-Brick_Pavers_MTL.uasset" 198
"../../../../../!Works/3D Modeling/District_22/D22_UE4/Content/Textures/Roofing_Shingles_Variable-TX.uasset" 199
"../../../../../!Works/3D Modeling/District_22/D22_UE4/Content/Textures/Roofing_Shingles_Variable-TX_NRM.uasset" 200
"../../../../../!Works/3D Modeling/District_22/D22_UE4/Content/Materials/D22-Roofing_Shingles_MTL.uasset" 201
"../../../../../!Works/3D Modeling/District_22/D22_UE4/Content/Textures/Wood__Floor-TX.uasset" 202
"../../../../../!Works/3D Modeling/District_22/D22_UE4/Content/Textures/Wood__Floor-TX_NRM.uasset" 203
"../../../../../!Works/3D Modeling/District_22/D22_UE4/Content/Materials/D22-Wood_MTL.uasset" 204
"../../../../../!Works/3D Modeling/District_22/D22_UE4/Content/Modules/D22-BigHouse.uasset" 205
"../../../../../!Works/3D Modeling/District_22/D22_UE4/Content/Modules/D22-Blding1.uasset" 206
"../../../../../!Works/3D Modeling/District_22/D22_UE4/Content/Modules/D22-Building2.uasset" 207
"../../../../../!Works/3D Modeling/District_22/D22_UE4/Content/Modules/D22-Building3.uasset" 208
"../../../../../!Works/3D Modeling/District_22/D22_UE4/Content/Modules/D22-Building4.uasset" 209
"../../../../../!Works/3D Modeling/District_22/D22_UE4/Content/Textures/MaterialPlan_a.uasset" 210
"../../../../../!Works/3D Modeling/District_22/D22_UE4/Content/Materials/D22-Plan_MTL.uasset" 211
"../../../../../!Works/3D Modeling/District_22/D22_UE4/Content/Modules/D22-Ground_GroundPlan.uasset" 212
"../../../../../!Works/3D Modeling/District_22/D22_UE4/Content/Modules/D22-Ground_Walls.uasset" 213
"../../../../../!Works/3D Modeling/District_22/D22_UE4/Content/Modules/D22-Ground_WellS.uasset" 214
"../../../../../!Works/3D Modeling/District_22/D22_UE4/Content/Modules/D22-SmallBasilica.uasset" 215
"../../../../../!Works/3D Modeling/District_22/D22_UE4/Content/Modules/D22-Stable.uasset" 216
"../../../../../!Works/3D Modeling/District_22/D22_UE4/Content/Modules/D22-Stairs.uasset" 217
"../../../Engine/Content/Functions/Engine_MaterialFunctions03/Procedurals/GeneratedBand.uasset" 218
"../../../../../!Works/3D Modeling/District_22/D22_UE4/Content/Materials/D22-Procedural_Glass.uasset" 219
"../../../../../!Works/3D Modeling/District_22/D22_UE4/Content/Modules/D22-Windows.uasset" 220
"../../../../../!Works/3D Modeling/District_22/D22_UE4/Content/District22lvl.umap" 221
"../../../../../!Works/3D Modeling/District_22/D22_UE4/Content/MainMenu_lvl_BuiltData.uasset" 222
"../../../../../!Works/3D Modeling/District_22/D22_UE4/Content/Sprites/blender_logo-2.uasset" 223
"../../../../../!Works/3D Modeling/District_22/D22_UE4/Content/Sprites/Sketchup_logo.uasset" 224
"../../../../../!Works/3D Modeling/District_22/D22_UE4/Content/Sprites/Unreal-engine-4-logo-wide-sm.uasset" 225
"../../../../../!Works/3D Modeling/District_22/D22_UE4/Content/Blueprints/LoadinScreen.uasset" 226
"../../../../../!Works/3D Modeling/District_22/D22_UE4/Content/MainMenu_lvl.umap" 227
"../../../Engine/Content/Maps/Entry_BuiltData.uasset" 228
"../../../Engine/Content/Maps/Entry.umap" 229
