"../../../Engine/Content/BufferVisualization/SubsurfaceColor.uasset" 0
"../../../Engine/Content/EditorLandscapeResources/DefaultAlphaTexture.uasset" 1
"../../../Engine/Content/EditorMaterials/WidgetVertexColorMaterial.uasset" 2
"../../../Engine/Content/EngineDebugMaterials/GeomMaterial.uasset" 3
"../../../Engine/Content/EngineMaterials/PaperDiffuse.uasset" 4
"../../../Engine/Content/EngineMaterials/RemoveSurfaceMaterial.uasset" 5
"../../../Engine/Content/EngineMeshes/Cylinder.uasset" 6
"../../../Engine/Content/Tutorial/Basics/LevelEditorAttract.uasset" 7
"../../../Engine/Content/Tutorial/Basics/LevelEditorOverview.uasset" 8
"../../../Engine/Content/Tutorial/BlueprintTutorials/BlueprintEditorTutorial.uasset" 9
"../../../Engine/Content/Tutorial/BlueprintTutorials/BlueprintInterfacesEditorOverview.uasset" 10
"../../../Engine/Content/Tutorial/BlueprintTutorials/LevelBlueprintEditorOverview.uasset" 11
"../../../Engine/Content/Tutorial/Code/AddingCode.uasset" 12
"../../../Engine/Content/Tutorial/Foliage/Foliage_Intro_Tutorial.uasset" 13
"../../../Engine/Content/Tutorial/Foliage/Foliage_Settings_Tutorial.uasset" 14
"../../../Engine/Content/Tutorial/Foliage/Foliage_Using_The_Tool_Tutorial.uasset" 15
"../../../Engine/Content/Tutorial/Landscape/LandscapeWalkThrough.uasset" 16
"../../../Engine/Content/Tutorial/Landscape/Landscape_Manage_Mode.uasset" 17
"../../../Engine/Content/Tutorial/Landscape/Landscape_Painting_Mode.uasset" 18
"../../../Engine/Content/Tutorial/Landscape/Landscape_Sculpt_Mode.uasset" 19
"../../../Engine/Content/Tutorial/Mobile/SettingUpAndroidTutorial.uasset" 20
"../../../Engine/Content/Tutorial/SubEditors/MaterialEditorTutorial.uasset" 21
"../../../Engine/Content/Tutorial/SubEditors/StaticMeshEditorTutorial.uasset" 22
"D:/Works/3D Engine Apps/District_22/D22_UE4/Content/Blueprints/FlyingCharacter.uasset" 23
"../../Plugins/Runtime/Oculus/OculusVR/Content/OculusMR_RenderTarget.uasset" 24
"../../../Engine/Content/Functions/Engine_MaterialFunctions02/Utility/BreakOutFloat4Components.uasset" 25
"../../Plugins/Runtime/Oculus/OculusVR/Content/Materials/OculusMR_ChromaKey_Lit.uasset" 26
"../../Plugins/Runtime/Oculus/OculusVR/Content/Materials/OculusMR_OpaqueColoredMaterial.uasset" 27
